
Thu 14 Mar 2024 08:47:13 PM UTC: 
 exercises.c | 10 +++++++++-
 1 file changed, 9 insertions(+), 1 deletion(-)
In file included from test.c:1:
exercises.c:1:3: error: stray ‘#’ in program
    1 | a #include <ctype.h>
      |   ^
exercises.c:1:1: error: unknown type name ‘a’
    1 | a #include <ctype.h>
      | ^
exercises.c:1:12: error: expected ‘=’, ‘,’, ‘;’, ‘asm’ or ‘__attribute__’ before ‘<’ token
    1 | a #include <ctype.h>
      |            ^
In file included from /nix/store/4pqv2mwdn88h7xvsm7a5zplrd8sxzvw0-glibc-2.35-163-dev/include/stdlib.h:395,
                 from exercises.c:4,
                 from test.c:1:
/nix/store/4pqv2mwdn88h7xvsm7a5zplrd8sxzvw0-glibc-2.35-163-dev/include/sys/types.h:33:9: error: unknown type name ‘__u_char’
   33 | typedef __u_char u_char;
      |         ^~~~~~~~
Compilation failed
20de495
Thu 14 Mar 2024 08:48:01 PM UTC: 
 exercises.c | 2 +-
 1 file changed, 1 insertion(+), 1 deletion(-)
 tests:  0|6
total_score: 10/70
c68c5eb
Thu 14 Mar 2024 08:53:06 PM UTC: 
 exercises.c | 9 ++++++++-
 1 file changed, 8 insertions(+), 1 deletion(-)
 tests:  0|5
total_score: 20/70
629111e
Thu 14 Mar 2024 09:01:44 PM UTC: 
 exercises.c | 14 +++++++++++++-
 1 file changed, 13 insertions(+), 1 deletion(-)
 tests:  0|5
total_score: 20/70
3ab8047
Thu 14 Mar 2024 09:02:32 PM UTC: 
 exercises.c | 2 +-
 1 file changed, 1 insertion(+), 1 deletion(-)
 tests:  0|5
total_score: 20/70
d692aac
Thu 14 Mar 2024 09:03:12 PM UTC: 
 exercises.c | 2 +-
 1 file changed, 1 insertion(+), 1 deletion(-)
 tests:  0|4
total_score: 30/70
de82537
Fri 15 Mar 2024 01:07:45 PM UTC: 
 exercises.c | 13 ++++++++++++-
 1 file changed, 12 insertions(+), 1 deletion(-)
In file included from test.c:1:
exercises.c: In function ‘mergeSortedArrays’:
exercises.c:66:8: error: ‘result’ redeclared as different kind of symbol
   66 |   int* result = (int *) malloc((size1 + size2) * sizeof(int));
      |        ^~~~~~
exercises.c:65:28: note: previous definition of ‘result’ with type ‘int *’
   65 |                        int result[]){
      |                        ~~~~^~~~~~~~
Compilation failed
61c004d
